<?xml version="1.0" encoding="UTF-8"?>
<!-- Generated by org.testng.reporters.JUnitReportReporter -->
<testsuite skipped="0" hostname="EPUSSANW0020.local" name="CalculatorTest.CalculatorTest_Sum" tests="5" failures="0" timestamp="24 Jul 2017 07:20:05 GMT" time="0.058" errors="0">
  <testcase name="testSum" time="0.012" classname="CalculatorTest.CalculatorTest_Sum"/>
  <testcase name="testSum" time="0.012" classname="CalculatorTest.CalculatorTest_Sum"/>
  <testcase name="testSum" time="0.011" classname="CalculatorTest.CalculatorTest_Sum"/>
  <testcase name="testSum" time="0.011" classname="CalculatorTest.CalculatorTest_Sum"/>
  <testcase name="testSum" time="0.012" classname="CalculatorTest.CalculatorTest_Sum"/>
</testsuite> <!-- CalculatorTest.CalculatorTest_Sum -->
