<?xml version="1.0" encoding="UTF-8"?>
<!-- Generated by org.testng.reporters.JUnitReportReporter -->
<testsuite skipped="0" hostname="EPUSSANW0020.local" name="CalculatorTest.CalculatorTest_isNegative" tests="1" failures="0" timestamp="24 Jul 2017 07:19:06 GMT" time="0.001" errors="0">
  <testcase name="testIsNegative" time="0.001" classname="CalculatorTest.CalculatorTest_isNegative"/>
</testsuite> <!-- CalculatorTest.CalculatorTest_isNegative -->
