<?xml version="1.0" encoding="UTF-8"?>
<!-- Generated by org.testng.reporters.JUnitReportReporter -->
<testsuite skipped="0" hostname="EPUSSANW0020.local" name="CalculatorTest.testIsPositive" tests="1" failures="0" timestamp="24 Jul 2017 03:43:31 GMT" time="0.010" errors="0">
  <testcase name="testIsPositive" time="0.010" classname="CalculatorTest.testIsPositive"/>
</testsuite> <!-- CalculatorTest.testIsPositive -->
