<?xml version="1.0" encoding="UTF-8"?>
<!-- Generated by org.testng.reporters.JUnitReportReporter -->
<testsuite skipped="0" hostname="EPUSSANW0020.local" name="CalculatorTest.CalculatorTest_isPositive" tests="1" failures="0" timestamp="24 Jul 2017 07:19:01 GMT" time="0.009" errors="0">
  <testcase name="testIsPositive" time="0.009" classname="CalculatorTest.CalculatorTest_isPositive"/>
</testsuite> <!-- CalculatorTest.CalculatorTest_isPositive -->
